<?xml version="1.0" encoding="UTF-8"?>
<testsuite xmlns:xsi="http://www.w3.org/2001/XMLSchema-instance" xsi:noNamespaceSchemaLocation="https://maven.apache.org/surefire/maven-surefire-plugin/xsd/surefire-test-report.xsd" name="com.hello.AppTest" time="0.048" tests="1" errors="0" skipped="0" failures="0">
  <properties>
    <property name="java.specification.version" value="17"/>
    <property name="sun.cpu.isalist" value="amd64"/>
    <property name="sun.jnu.encoding" value="Cp1252"/>
    <property name="java.class.path" value="C:\Users\MahendraM\eclipse-workspace\helloworld-mvn\world\target\test-classes;C:\Users\MahendraM\eclipse-workspace\helloworld-mvn\world\target\classes;C:\Users\MahendraM\.m2\repository\junit\junit\4.11\junit-4.11.jar;C:\Users\MahendraM\.m2\repository\org\hamcrest\hamcrest-core\1.3\hamcrest-core-1.3.jar;"/>
    <property name="java.vm.vendor" value="Eclipse Adoptium"/>
    <property name="sun.arch.data.model" value="64"/>
    <property name="user.variant" value=""/>
    <property name="java.vendor.url" value="https://adoptium.net/"/>
    <property name="user.timezone" value="Asia/Calcutta"/>
    <property name="os.name" value="Windows 11"/>
    <property name="java.vm.specification.version" value="17"/>
    <property name="sun.java.launcher" value="SUN_STANDARD"/>
    <property name="user.country" value="IN"/>
    <property name="sun.boot.library.path" value="C:\Users\MahendraM\.p2\pool\plugins\org.eclipse.justj.openjdk.hotspot.jre.full.win32.x86_64_17.0.5.v20221102-0933\jre\bin"/>
    <property name="sun.java.command" value="C:\Users\MAHEND~1\AppData\Local\Temp\surefire9910174903720898687\surefirebooter2212800367827798733.jar C:\Users\MahendraM\AppData\Local\Temp\surefire9910174903720898687 2023-01-03T12-07-17_185-jvmRun1 surefire50796230285300379tmp surefire_09357336264219715225tmp"/>
    <property name="jdk.debug" value="release"/>
    <property name="surefire.test.class.path" value="C:\Users\MahendraM\eclipse-workspace\helloworld-mvn\world\target\test-classes;C:\Users\MahendraM\eclipse-workspace\helloworld-mvn\world\target\classes;C:\Users\MahendraM\.m2\repository\junit\junit\4.11\junit-4.11.jar;C:\Users\MahendraM\.m2\repository\org\hamcrest\hamcrest-core\1.3\hamcrest-core-1.3.jar;"/>
    <property name="sun.cpu.endian" value="little"/>
    <property name="user.home" value="C:\Users\MahendraM"/>
    <property name="user.language" value="en"/>
    <property name="java.specification.vendor" value="Oracle Corporation"/>
    <property name="java.version.date" value="2022-10-18"/>
    <property name="java.home" value="C:\Users\MahendraM\.p2\pool\plugins\org.eclipse.justj.openjdk.hotspot.jre.full.win32.x86_64_17.0.5.v20221102-0933\jre"/>
    <property name="file.separator" value="\"/>
    <property name="style.color" value="always"/>
    <property name="basedir" value="C:\Users\MahendraM\eclipse-workspace\helloworld-mvn\world"/>
    <property name="java.vm.compressedOopsMode" value="Zero based"/>
    <property name="line.separator" value="&#10;"/>
    <property name="java.vm.specification.vendor" value="Oracle Corporation"/>
    <property name="java.specification.name" value="Java Platform API Specification"/>
    <property name="surefire.real.class.path" value="C:\Users\MAHEND~1\AppData\Local\Temp\surefire9910174903720898687\surefirebooter2212800367827798733.jar"/>
    <property name="user.script" value=""/>
    <property name="sun.management.compiler" value="HotSpot 64-Bit Tiered Compilers"/>
    <property name="java.runtime.version" value="17.0.5+8"/>
    <property name="user.name" value="MahendraM"/>
    <property name="path.separator" value=";"/>
    <property name="os.version" value="10.0"/>
    <property name="java.runtime.name" value="OpenJDK Runtime Environment"/>
    <property name="file.encoding" value="Cp1252"/>
    <property name="java.vm.name" value="OpenJDK 64-Bit Server VM"/>
    <property name="java.vendor.version" value="Temurin-17.0.5+8"/>
    <property name="localRepository" value="C:\Users\MahendraM\.m2\repository"/>
    <property name="java.vendor.url.bug" value="https://github.com/adoptium/adoptium-support/issues"/>
    <property name="java.io.tmpdir" value="C:\Users\MAHEND~1\AppData\Local\Temp\"/>
    <property name="java.version" value="17.0.5"/>
    <property name="user.dir" value="C:\Users\MahendraM\eclipse-workspace\helloworld-mvn\world"/>
    <property name="os.arch" value="amd64"/>
    <property name="java.vm.specification.name" value="Java Virtual Machine Specification"/>
    <property name="sun.os.patch.level" value=""/>
    <property name="native.encoding" value="Cp1252"/>
    <property name="java.library.path" value="C:\Users\MahendraM\.p2\pool\plugins\org.eclipse.justj.openjdk.hotspot.jre.full.win32.x86_64_17.0.5.v20221102-0933\jre\bin;C:\WINDOWS\Sun\Java\bin;C:\WINDOWS\system32;C:\WINDOWS;C:/Users/MahendraM/.p2/pool/plugins/org.eclipse.justj.openjdk.hotspot.jre.full.win32.x86_64_17.0.5.v20221102-0933/jre/bin/server;C:/Users/MahendraM/.p2/pool/plugins/org.eclipse.justj.openjdk.hotspot.jre.full.win32.x86_64_17.0.5.v20221102-0933/jre/bin;C:\Program Files (x86)\Common Files\Oracle\Java\javapath;C:\Python310\Scripts\;C:\Python310\;C:\WINDOWS\system32;C:\WINDOWS;C:\WINDOWS\System32\Wbem;C:\WINDOWS\System32\WindowsPowerShell\v1.0\;C:\WINDOWS\System32\OpenSSH\;C:\Program Files\Amazon\AWSCLIV2\;C:\Program Files\Amazon\AWSSAMCLI\bin\;C:\Users\MahendraM\OneDrive - Aspirenxt Pvt Ltd\Documents\Atlantis;C:\ProgramData\chocolatey\bin;C:\Terraform;C:\Program Files\Docker\Docker\resources\bin;C:\Program Files\nodejs\;C:\Program Files\dotnet\;C:\Users\MahendraM\OneDrive - Aspirenxt Pvt Ltd\Documents\apache-maven-3.8.6\bin;C:\Users\MahendraM\OneDrive - Aspirenxt Pvt Ltd\Documents\apache-maven-3.8.6;C:\Program Files\Microsoft\Web Platform Installer\;C:\Program Files\Cloudflare\Cloudflare WARP\;C:\Users\MahendraM\AppData\Local\Programs\Python\Python39\Scripts\;C:\Users\MahendraM\AppData\Local\Programs\Python\Python39\;C:\Users\MahendraM\AppData\Local\Microsoft\WindowsApps;C:\Users\MahendraM\AppData\Local\Programs\Microsoft VS Code\bin;C:\Users\MahendraM\AppData\Local\Programs\Git\cmd;C:\Users\MahendraM\.ebcli-virtual-env\executables;C:\ProgramData\MahendraM\GitHubDesktop\bin;C:\Atlantis\atlantis-0.17.4;C:\Users\MahendraM\AppData\Local\GitHubDesktop\bin;D:\Terraform-main;C:\Users\MahendraM\AppData\Roaming\npm;C:\Users\MahendraM\OneDrive - Aspirenxt Pvt Ltd\Desktop;;."/>
    <property name="java.vm.info" value="mixed mode"/>
    <property name="java.vendor" value="Eclipse Adoptium"/>
    <property name="java.vm.version" value="17.0.5+8"/>
    <property name="sun.io.unicode.encoding" value="UnicodeLittle"/>
    <property name="java.class.version" value="61.0"/>
  </properties>
  <testcase name="shouldAnswerWithTrue" classname="com.hello.AppTest" time="0.002"/>
</testsuite>